<?xml version="1.0" encoding="UTF-8"?>
<testsuite name="SILab2Test" tests="1" skipped="0" failures="0" errors="0" timestamp="2023-05-24T19:36:50" hostname="LAPTOP-VRHVBFE8" time="0.028">
  <properties/>
  <testcase name="function()" classname="SILab2Test" time="0.028"/>
  <system-out><![CDATA[]]></system-out>
  <system-err><![CDATA[]]></system-err>
</testsuite>
